<?xml version="1.0" encoding="UTF-8"?>
<!-- Generated by org.testng.reporters.JUnitReportReporter -->
<testsuite hostname="Isrars-MacBook-Pro.local" failures="0" tests="2" name="SeleniumFramework.Tests.SubmitOrderTest" time="32.021" errors="0" timestamp="2025-07-20T12:52:58 IST" skipped="0">
  <testcase classname="SeleniumFramework.Tests.SubmitOrderTest" name="SubmitOrder" time="14.929"/>
  <testcase classname="SeleniumFramework.Tests.SubmitOrderTest" name="SubmitOrder" time="17.092"/>
</testsuite> <!-- SeleniumFramework.Tests.SubmitOrderTest -->
