<?xml version="1.0" encoding="UTF-8"?>
<!-- Generated by org.testng.reporters.JUnitReportReporter -->
<testsuite hostname="Isrars-MacBook-Pro.local" failures="0" tests="2" name="cucumber.TestNGTestRunner" time="16.158" errors="0" timestamp="2025-06-15T03:57:53 IST" skipped="0">
  <testcase classname="cucumber.TestNGTestRunner" name="runScenario" time="1.671"/>
  <testcase classname="cucumber.TestNGTestRunner" name="runScenario" time="14.487"/>
</testsuite> <!-- cucumber.TestNGTestRunner -->
