<?xml version="1.0" encoding="UTF-8"?>
<!-- Generated by org.testng.reporters.JUnitReportReporter -->
<testsuite hostname="Isrars-MacBook-Pro.local" failures="0" tests="1" name="SeleniumFramework.Tests.ErrorValidations" time="1.598" errors="0" timestamp="2025-04-27T23:35:58 IST" skipped="0">
  <testcase classname="SeleniumFramework.Tests.ErrorValidations" name="SubmitOrder" time="1.598"/>
</testsuite> <!-- SeleniumFramework.Tests.ErrorValidations -->
