<?xml version="1.0" encoding="UTF-8"?>
<!-- Generated by org.testng.reporters.JUnitReportReporter -->
<testsuite hostname="Isrars-MacBook-Pro.local" failures="0" tests="2" name="SeleniumFramework.Tests.ErrorValidationsTest" time="38.441" errors="0" timestamp="2025-05-19T05:13:53 IST" skipped="0">
  <testcase classname="SeleniumFramework.Tests.ErrorValidationsTest" name="loginErrorValidation" time="3.674"/>
  <testcase classname="SeleniumFramework.Tests.ErrorValidationsTest" name="productErrorValidation" time="34.767"/>
</testsuite> <!-- SeleniumFramework.Tests.ErrorValidationsTest -->
