<?xml version="1.0" encoding="UTF-8"?>
<!-- Generated by org.testng.reporters.JUnitReportReporter -->
<testsuite hostname="Isrars-MacBook-Pro.local" failures="0" tests="3" name="SeleniumFramework.Tests.SubmitOrderTest" time="32.065" errors="0" timestamp="2025-06-15T04:18:25 IST" skipped="0">
  <testcase classname="SeleniumFramework.Tests.SubmitOrderTest" name="SubmitOrder" time="14.938"/>
  <testcase classname="SeleniumFramework.Tests.SubmitOrderTest" name="orderHistoryTest" time="2.594"/>
  <testcase classname="SeleniumFramework.Tests.SubmitOrderTest" name="SubmitOrder" time="14.533"/>
</testsuite> <!-- SeleniumFramework.Tests.SubmitOrderTest -->
