<?xml version="1.0" encoding="UTF-8"?>
<!-- Generated by org.testng.reporters.JUnitReportReporter -->
<testsuite hostname="Isrars-MacBook-Pro.local" failures="0" tests="2" name="SeleniumFramework.Tests.ErrorValidationsTest" time="25.335" errors="0" timestamp="2025-06-15T04:18:25 IST" skipped="0">
  <testcase classname="SeleniumFramework.Tests.ErrorValidationsTest" name="productErrorValidation" time="23.888"/>
  <testcase classname="SeleniumFramework.Tests.ErrorValidationsTest" name="loginErrorValidation" time="1.447"/>
</testsuite> <!-- SeleniumFramework.Tests.ErrorValidationsTest -->
